Info: Starting: Create block symbol file (.bsf)
Info: qsys-generate D:\dspb_serum\quartusproj\dspb_serum\dspb_serum_qsys.qsys --block-symbol-file --output-directory=D:\dspb_serum\quartusproj\dspb_serum\dspb_serum_qsys --family="Cyclone IV GX" --part=EP4CGX150DF31C7
Progress: Loading dspb_serum/dspb_serum_qsys.qsys
Progress: Reading input file
Progress: Adding clk_0 [clock_source 16.1]
Progress: Parameterizing module clk_0
Progress: Adding jtag_uart_0 [altera_avalon_jtag_uart 16.1]
Progress: Parameterizing module jtag_uart_0
Progress: Adding nios2_qsys_0 [altera_nios2_qsys 16.1]
Progress: Parameterizing module nios2_qsys_0
Progress: Adding onchip_memory2_0 [altera_avalon_onchip_memory2 16.1]
Progress: Parameterizing module onchip_memory2_0
Progress: Adding pio_0 [altera_avalon_pio 16.1]
Progress: Parameterizing module pio_0
Progress: Building connections
Progress: Parameterizing connections
Progress: Validating
Progress: Done reading input file
Info: dspb_serum_qsys.jtag_uart_0: JTAG UART IP input clock need to be at least double (2x) the operating frequency of JTAG TCK on board
Warning: dspb_serum_qsys.nios2_qsys_0: Nios II Classic cores are no longer recommended for new projects
Info: dspb_serum_qsys.pio_0: PIO inputs are not hardwired in test bench. Undefined values will be read from PIO inputs during simulation.
Info: qsys-generate succeeded.
Info: Finished: Create block symbol file (.bsf)
Info: 
Info: Starting: Create HDL design files for synthesis
Info: qsys-generate D:\dspb_serum\quartusproj\dspb_serum\dspb_serum_qsys.qsys --synthesis=VERILOG --output-directory=D:\dspb_serum\quartusproj\dspb_serum\dspb_serum_qsys\synthesis --family="Cyclone IV GX" --part=EP4CGX150DF31C7
Progress: Loading dspb_serum/dspb_serum_qsys.qsys
Progress: Reading input file
Progress: Adding clk_0 [clock_source 16.1]
Progress: Parameterizing module clk_0
Progress: Adding jtag_uart_0 [altera_avalon_jtag_uart 16.1]
Progress: Parameterizing module jtag_uart_0
Progress: Adding nios2_qsys_0 [altera_nios2_qsys 16.1]
Progress: Parameterizing module nios2_qsys_0
Progress: Adding onchip_memory2_0 [altera_avalon_onchip_memory2 16.1]
Progress: Parameterizing module onchip_memory2_0
Progress: Adding pio_0 [altera_avalon_pio 16.1]
Progress: Parameterizing module pio_0
Progress: Building connections
Progress: Parameterizing connections
Progress: Validating
Progress: Done reading input file
Info: dspb_serum_qsys.jtag_uart_0: JTAG UART IP input clock need to be at least double (2x) the operating frequency of JTAG TCK on board
Warning: dspb_serum_qsys.nios2_qsys_0: Nios II Classic cores are no longer recommended for new projects
Info: dspb_serum_qsys.pio_0: PIO inputs are not hardwired in test bench. Undefined values will be read from PIO inputs during simulation.
Info: dspb_serum_qsys: Generating dspb_serum_qsys "dspb_serum_qsys" for QUARTUS_SYNTH
Info: jtag_uart_0: Starting RTL generation for module 'dspb_serum_qsys_jtag_uart_0'
Info: jtag_uart_0:   Generation command is [exec D:/intelfpga/16.1/quartus/bin64/perl/bin/perl.exe -I D:/intelfpga/16.1/quartus/bin64/perl/lib -I D:/intelfpga/16.1/quartus/sopc_builder/bin/europa -I D:/intelfpga/16.1/quartus/sopc_builder/bin/perl_lib -I D:/intelfpga/16.1/quartus/sopc_builder/bin -I D:/intelfpga/16.1/quartus/../ip/altera/sopc_builder_ip/common -I D:/intelfpga/16.1/quartus/../ip/altera/sopc_builder_ip/altera_avalon_jtag_uart -- D:/intelfpga/16.1/quartus/../ip/altera/sopc_builder_ip/altera_avalon_jtag_uart/generate_rtl.pl --name=dspb_serum_qsys_jtag_uart_0 --dir=C:/Users/KLUTC_~1/AppData/Local/Temp/alt8341_7542213877728344286.dir/0003_jtag_uart_0_gen/ --quartus_dir=D:/intelfpga/16.1/quartus --verilog --config=C:/Users/KLUTC_~1/AppData/Local/Temp/alt8341_7542213877728344286.dir/0003_jtag_uart_0_gen//dspb_serum_qsys_jtag_uart_0_component_configuration.pl  --do_build_sim=0  ]
Info: jtag_uart_0: Done RTL generation for module 'dspb_serum_qsys_jtag_uart_0'
Info: jtag_uart_0: "dspb_serum_qsys" instantiated altera_avalon_jtag_uart "jtag_uart_0"
Info: nios2_qsys_0: Starting RTL generation for module 'dspb_serum_qsys_nios2_qsys_0'
Info: nios2_qsys_0:   Generation command is [exec D:/intelfpga/16.1/quartus/bin64/eperlcmd.exe -I D:/intelfpga/16.1/quartus/bin64/perl/lib -I D:/intelfpga/16.1/quartus/sopc_builder/bin/europa -I D:/intelfpga/16.1/quartus/sopc_builder/bin/perl_lib -I D:/intelfpga/16.1/quartus/sopc_builder/bin -I D:/intelfpga/16.1/quartus/../ip/altera/nios2_ip/altera_nios2/cpu_lib -I D:/intelfpga/16.1/quartus/../ip/altera/nios2_ip/altera_nios2/nios_lib -I D:/intelfpga/16.1/quartus/../ip/altera/nios2_ip/altera_nios2 -I D:/intelfpga/16.1/quartus/../ip/altera/nios2_ip/altera_nios2 -- D:/intelfpga/16.1/quartus/../ip/altera/nios2_ip/altera_nios2/generate_rtl.epl --name=dspb_serum_qsys_nios2_qsys_0 --dir=C:/Users/KLUTC_~1/AppData/Local/Temp/alt8341_7542213877728344286.dir/0004_nios2_qsys_0_gen/ --quartus_bindir=D:/intelfpga/16.1/quartus/bin64 --verilog --config=C:/Users/KLUTC_~1/AppData/Local/Temp/alt8341_7542213877728344286.dir/0004_nios2_qsys_0_gen//dspb_serum_qsys_nios2_qsys_0_processor_configuration.pl  --do_build_sim=0  ]
Info: nios2_qsys_0: # 2020.03.19 21:43:35 (*) Starting Nios II generation
Info: nios2_qsys_0: # 2020.03.19 21:43:35 (*)   Checking for plaintext license.
Info: nios2_qsys_0: # 2020.03.19 21:43:35 (*)   Couldn't query license setup in Quartus directory D:/intelfpga/16.1/quartus/bin64
Info: nios2_qsys_0: # 2020.03.19 21:43:35 (*)   Defaulting to contents of LM_LICENSE_FILE environment variable
Info: nios2_qsys_0: # 2020.03.19 21:43:35 (*)   LM_LICENSE_FILE environment variable is empty
Info: nios2_qsys_0: # 2020.03.19 21:43:35 (*)   Plaintext license not found.
Info: nios2_qsys_0: # 2020.03.19 21:43:35 (*)   Checking for encrypted license (non-evaluation).
Info: nios2_qsys_0: # 2020.03.19 21:43:36 (*)   Couldn't query license setup in Quartus directory D:/intelfpga/16.1/quartus/bin64
Info: nios2_qsys_0: # 2020.03.19 21:43:36 (*)   Defaulting to contents of LM_LICENSE_FILE environment variable
Info: nios2_qsys_0: # 2020.03.19 21:43:36 (*)   LM_LICENSE_FILE environment variable is empty
Info: nios2_qsys_0: # 2020.03.19 21:43:36 (*)   Encrypted license found.  SOF will not be time-limited.
Info: nios2_qsys_0: # 2020.03.19 21:43:36 (*)   Elaborating CPU configuration settings
Info: nios2_qsys_0: # 2020.03.19 21:43:36 (*)   Creating all objects for CPU
Info: nios2_qsys_0: # 2020.03.19 21:43:36 (*)     Testbench
Info: nios2_qsys_0: # 2020.03.19 21:43:36 (*)     Instruction decoding
Info: nios2_qsys_0: # 2020.03.19 21:43:36 (*)       Instruction fields
Info: nios2_qsys_0: # 2020.03.19 21:43:36 (*)       Instruction decodes
Info: nios2_qsys_0: # 2020.03.19 21:43:36 (*)       Signals for RTL simulation waveforms
Info: nios2_qsys_0: # 2020.03.19 21:43:36 (*)       Instruction controls
Info: nios2_qsys_0: # 2020.03.19 21:43:36 (*)     Pipeline frontend
Info: nios2_qsys_0: # 2020.03.19 21:43:36 (*)     Pipeline backend
Info: nios2_qsys_0: # 2020.03.19 21:43:39 (*)   Generating RTL from CPU objects
Info: nios2_qsys_0: # 2020.03.19 21:43:41 (*)   Creating encrypted RTL
Info: nios2_qsys_0: # 2020.03.19 21:43:42 (*) Done Nios II generation
Info: nios2_qsys_0: Done RTL generation for module 'dspb_serum_qsys_nios2_qsys_0'
Info: nios2_qsys_0: "dspb_serum_qsys" instantiated altera_nios2_qsys "nios2_qsys_0"
Info: onchip_memory2_0: Starting RTL generation for module 'dspb_serum_qsys_onchip_memory2_0'
Info: onchip_memory2_0:   Generation command is [exec D:/intelfpga/16.1/quartus/bin64/perl/bin/perl.exe -I D:/intelfpga/16.1/quartus/bin64/perl/lib -I D:/intelfpga/16.1/quartus/sopc_builder/bin/europa -I D:/intelfpga/16.1/quartus/sopc_builder/bin/perl_lib -I D:/intelfpga/16.1/quartus/sopc_builder/bin -I D:/intelfpga/16.1/quartus/../ip/altera/sopc_builder_ip/common -I D:/intelfpga/16.1/quartus/../ip/altera/sopc_builder_ip/altera_avalon_onchip_memory2 -- D:/intelfpga/16.1/quartus/../ip/altera/sopc_builder_ip/altera_avalon_onchip_memory2/generate_rtl.pl --name=dspb_serum_qsys_onchip_memory2_0 --dir=C:/Users/KLUTC_~1/AppData/Local/Temp/alt8341_7542213877728344286.dir/0005_onchip_memory2_0_gen/ --quartus_dir=D:/intelfpga/16.1/quartus --verilog --config=C:/Users/KLUTC_~1/AppData/Local/Temp/alt8341_7542213877728344286.dir/0005_onchip_memory2_0_gen//dspb_serum_qsys_onchip_memory2_0_component_configuration.pl  --do_build_sim=0  ]
Info: onchip_memory2_0: Done RTL generation for module 'dspb_serum_qsys_onchip_memory2_0'
Info: onchip_memory2_0: "dspb_serum_qsys" instantiated altera_avalon_onchip_memory2 "onchip_memory2_0"
Info: pio_0: Starting RTL generation for module 'dspb_serum_qsys_pio_0'
Info: pio_0:   Generation command is [exec D:/intelfpga/16.1/quartus/bin64/perl/bin/perl.exe -I D:/intelfpga/16.1/quartus/bin64/perl/lib -I D:/intelfpga/16.1/quartus/sopc_builder/bin/europa -I D:/intelfpga/16.1/quartus/sopc_builder/bin/perl_lib -I D:/intelfpga/16.1/quartus/sopc_builder/bin -I D:/intelfpga/16.1/quartus/../ip/altera/sopc_builder_ip/common -I D:/intelfpga/16.1/quartus/../ip/altera/sopc_builder_ip/altera_avalon_pio -- D:/intelfpga/16.1/quartus/../ip/altera/sopc_builder_ip/altera_avalon_pio/generate_rtl.pl --name=dspb_serum_qsys_pio_0 --dir=C:/Users/KLUTC_~1/AppData/Local/Temp/alt8341_7542213877728344286.dir/0006_pio_0_gen/ --quartus_dir=D:/intelfpga/16.1/quartus --verilog --config=C:/Users/KLUTC_~1/AppData/Local/Temp/alt8341_7542213877728344286.dir/0006_pio_0_gen//dspb_serum_qsys_pio_0_component_configuration.pl  --do_build_sim=0  ]
Info: pio_0: Done RTL generation for module 'dspb_serum_qsys_pio_0'
Info: pio_0: "dspb_serum_qsys" instantiated altera_avalon_pio "pio_0"
Info: avalon_st_adapter: Inserting error_adapter: error_adapter_0
Info: avalon_st_adapter_001: Inserting error_adapter: error_adapter_0
Info: avalon_st_adapter_002: Inserting error_adapter: error_adapter_0
Info: avalon_st_adapter_003: Inserting error_adapter: error_adapter_0
Info: mm_interconnect_0: "dspb_serum_qsys" instantiated altera_mm_interconnect "mm_interconnect_0"
Info: irq_mapper: "dspb_serum_qsys" instantiated altera_irq_mapper "irq_mapper"
Info: rst_controller: "dspb_serum_qsys" instantiated altera_reset_controller "rst_controller"
Info: nios2_qsys_0_data_master_translator: "mm_interconnect_0" instantiated altera_merlin_master_translator "nios2_qsys_0_data_master_translator"
Info: jtag_uart_0_avalon_jtag_slave_translator: "mm_interconnect_0" instantiated altera_merlin_slave_translator "jtag_uart_0_avalon_jtag_slave_translator"
Info: nios2_qsys_0_data_master_agent: "mm_interconnect_0" instantiated altera_merlin_master_agent "nios2_qsys_0_data_master_agent"
Info: jtag_uart_0_avalon_jtag_slave_agent: "mm_interconnect_0" instantiated altera_merlin_slave_agent "jtag_uart_0_avalon_jtag_slave_agent"
Info: jtag_uart_0_avalon_jtag_slave_agent_rsp_fifo: "mm_interconnect_0" instantiated altera_avalon_sc_fifo "jtag_uart_0_avalon_jtag_slave_agent_rsp_fifo"
Info: router: "mm_interconnect_0" instantiated altera_merlin_router "router"
Info: router_001: "mm_interconnect_0" instantiated altera_merlin_router "router_001"
Info: router_002: "mm_interconnect_0" instantiated altera_merlin_router "router_002"
Info: router_003: "mm_interconnect_0" instantiated altera_merlin_router "router_003"
Info: nios2_qsys_0_data_master_limiter: "mm_interconnect_0" instantiated altera_merlin_traffic_limiter "nios2_qsys_0_data_master_limiter"
Info: Reusing file D:/dspb_serum/quartusproj/dspb_serum/dspb_serum_qsys/synthesis/submodules/altera_avalon_sc_fifo.v
Info: cmd_demux: "mm_interconnect_0" instantiated altera_merlin_demultiplexer "cmd_demux"
Info: cmd_demux_001: "mm_interconnect_0" instantiated altera_merlin_demultiplexer "cmd_demux_001"
Info: cmd_mux: "mm_interconnect_0" instantiated altera_merlin_multiplexer "cmd_mux"
Info: cmd_mux_001: "mm_interconnect_0" instantiated altera_merlin_multiplexer "cmd_mux_001"
Info: Reusing file D:/dspb_serum/quartusproj/dspb_serum/dspb_serum_qsys/synthesis/submodules/altera_merlin_arbitrator.sv
Info: rsp_demux: "mm_interconnect_0" instantiated altera_merlin_demultiplexer "rsp_demux"
Info: rsp_demux_001: "mm_interconnect_0" instantiated altera_merlin_demultiplexer "rsp_demux_001"
Info: rsp_mux: "mm_interconnect_0" instantiated altera_merlin_multiplexer "rsp_mux"
Info: Reusing file D:/dspb_serum/quartusproj/dspb_serum/dspb_serum_qsys/synthesis/submodules/altera_merlin_arbitrator.sv
Info: rsp_mux_001: "mm_interconnect_0" instantiated altera_merlin_multiplexer "rsp_mux_001"
Info: Reusing file D:/dspb_serum/quartusproj/dspb_serum/dspb_serum_qsys/synthesis/submodules/altera_merlin_arbitrator.sv
Info: avalon_st_adapter: "mm_interconnect_0" instantiated altera_avalon_st_adapter "avalon_st_adapter"
Info: error_adapter_0: "avalon_st_adapter" instantiated error_adapter "error_adapter_0"
Info: dspb_serum_qsys: Done "dspb_serum_qsys" with 28 modules, 49 files
Info: qsys-generate succeeded.
Info: Finished: Create HDL design files for synthesis
