Flow report for dspb_serum
Thu Mar 19 21:59:47 2020
Quartus Prime Version 16.1.0 Build 196 10/24/2016 SJ Standard Edition


---------------------
; Table of Contents ;
---------------------
  1. Legal Notice
  2. Flow Summary
  3. Flow Settings
  4. Flow Non-Default Global Settings
  5. Flow Elapsed Time
  6. Flow OS Summary
  7. Flow Log
  8. Flow Messages
  9. Flow Suppressed Messages



----------------
; Legal Notice ;
----------------
Copyright (C) 2016  Intel Corporation. All rights reserved.
Your use of Intel Corporation's design tools, logic functions 
and other software and tools, and its AMPP partner logic 
functions, and any output files from any of the foregoing 
(including device programming or simulation files), and any 
associated documentation or information are expressly subject 
to the terms and conditions of the Intel Program License 
Subscription Agreement, the Intel Quartus Prime License Agreement,
the Intel MegaCore Function License Agreement, or other 
applicable license agreement, including, without limitation, 
that your use is for the sole purpose of programming logic 
devices manufactured by Intel and sold by Intel or its 
authorized distributors.  Please refer to the applicable 
agreement for further details.



+--------------------------------------------------------------------------------------+
; Flow Summary                                                                         ;
+------------------------------------+-------------------------------------------------+
; Flow Status                        ; Successful - Thu Mar 19 21:59:40 2020           ;
; Quartus Prime Version              ; 16.1.0 Build 196 10/24/2016 SJ Standard Edition ;
; Revision Name                      ; dspb_serum                                      ;
; Top-level Entity Name              ; dspb_serum                                      ;
; Family                             ; Cyclone IV GX                                   ;
; Device                             ; EP4CGX150DF31C7                                 ;
; Timing Models                      ; Final                                           ;
; Total logic elements               ; 3,380 / 149,760 ( 2 % )                         ;
;     Total combinational functions  ; 3,038 / 149,760 ( 2 % )                         ;
;     Dedicated logic registers      ; 1,937 / 149,760 ( 1 % )                         ;
; Total registers                    ; 1937                                            ;
; Total pins                         ; 362 / 508 ( 71 % )                              ;
; Total virtual pins                 ; 0                                               ;
; Total memory bits                  ; 2,162,048 / 6,635,520 ( 33 % )                  ;
; Embedded Multiplier 9-bit elements ; 4 / 720 ( < 1 % )                               ;
; Total GXB Receiver Channel PCS     ; 0 / 8 ( 0 % )                                   ;
; Total GXB Receiver Channel PMA     ; 0 / 8 ( 0 % )                                   ;
; Total GXB Transmitter Channel PCS  ; 0 / 8 ( 0 % )                                   ;
; Total GXB Transmitter Channel PMA  ; 0 / 8 ( 0 % )                                   ;
; Total PLLs                         ; 0 / 8 ( 0 % )                                   ;
+------------------------------------+-------------------------------------------------+


+-----------------------------------------+
; Flow Settings                           ;
+-------------------+---------------------+
; Option            ; Setting             ;
+-------------------+---------------------+
; Start date & time ; 03/19/2020 21:58:09 ;
; Main task         ; Compilation         ;
; Revision Name     ; dspb_serum          ;
+-------------------+---------------------+


+--------------------------------------------------------------------------------------------------------------------------------------------------------+
; Flow Non-Default Global Settings                                                                                                                       ;
+-------------------------------------+-------------------------------------------------------------------+---------------+-----------------+------------+
; Assignment Name                     ; Value                                                             ; Default Value ; Entity Name     ; Section Id ;
+-------------------------------------+-------------------------------------------------------------------+---------------+-----------------+------------+
; COMPILER_SIGNATURE_ID               ; 132098954566624.158466948914016                                   ; --            ; --              ; --         ;
; MISC_FILE                           ; dspb_serum_qsys/synthesis/../dspb_serum_qsys.cmp                  ; --            ; --              ; --         ;
; MISC_FILE                           ; dspb_serum_qsys/synthesis/../../dspb_serum_qsys.qsys              ; --            ; --              ; --         ;
; PARTITION_COLOR                     ; -- (Not supported for targeted family)                            ; --            ; --              ; Top        ;
; PARTITION_FITTER_PRESERVATION_LEVEL ; -- (Not supported for targeted family)                            ; --            ; --              ; Top        ;
; PARTITION_NETLIST_TYPE              ; -- (Not supported for targeted family)                            ; --            ; --              ; Top        ;
; SLD_FILE                            ; dspb_serum_qsys/synthesis/dspb_serum_qsys.regmap                  ; --            ; --              ; --         ;
; SLD_FILE                            ; dspb_serum_qsys/synthesis/dspb_serum_qsys.debuginfo               ; --            ; --              ; --         ;
; SLD_INFO                            ; QSYS_NAME dspb_serum_qsys HAS_SOPCINFO 1 GENERATION_ID 1584668610 ; --            ; dspb_serum_qsys ; --         ;
; SOPCINFO_FILE                       ; dspb_serum_qsys/synthesis/../../dspb_serum_qsys.sopcinfo          ; --            ; --              ; --         ;
; SYNTHESIS_ONLY_QIP                  ; On                                                                ; --            ; --              ; --         ;
+-------------------------------------+-------------------------------------------------------------------+---------------+-----------------+------------+


+-------------------------------------------------------------------------------------------------------------------------------+
; Flow Elapsed Time                                                                                                             ;
+---------------------------+--------------+-------------------------+---------------------+------------------------------------+
; Module Name               ; Elapsed Time ; Average Processors Used ; Peak Virtual Memory ; Total CPU Time (on all processors) ;
+---------------------------+--------------+-------------------------+---------------------+------------------------------------+
; Analysis & Synthesis      ; 00:00:45     ; 1.0                     ; 5020 MB             ; 00:01:00                           ;
; Fitter                    ; 00:00:32     ; 1.1                     ; 5943 MB             ; 00:00:46                           ;
; Assembler                 ; 00:00:05     ; 1.0                     ; 4792 MB             ; 00:00:05                           ;
; TimeQuest Timing Analyzer ; 00:00:05     ; 1.4                     ; 5030 MB             ; 00:00:06                           ;
; Total                     ; 00:01:27     ; --                      ; --                  ; 00:01:57                           ;
+---------------------------+--------------+-------------------------+---------------------+------------------------------------+


+-----------------------------------------------------------------------------------------+
; Flow OS Summary                                                                         ;
+---------------------------+------------------+------------+------------+----------------+
; Module Name               ; Machine Hostname ; OS Name    ; OS Version ; Processor type ;
+---------------------------+------------------+------------+------------+----------------+
; Analysis & Synthesis      ; HAL9000          ; Windows 10 ; 10.0       ; x86_64         ;
; Fitter                    ; HAL9000          ; Windows 10 ; 10.0       ; x86_64         ;
; Assembler                 ; HAL9000          ; Windows 10 ; 10.0       ; x86_64         ;
; TimeQuest Timing Analyzer ; HAL9000          ; Windows 10 ; 10.0       ; x86_64         ;
+---------------------------+------------------+------------+------------+----------------+


------------
; Flow Log ;
------------
quartus_map --read_settings_files=on --write_settings_files=off dspb_serum -c dspb_serum
quartus_fit --read_settings_files=off --write_settings_files=off dspb_serum -c dspb_serum
quartus_asm --read_settings_files=off --write_settings_files=off dspb_serum -c dspb_serum
quartus_sta dspb_serum -c dspb_serum



